<?xml version="1.0" encoding="UTF-8"?>
<!-- Generated by org.testng.reporters.JUnitReportReporter -->
<testsuite skipped="0" hostname="DESKTOP-JP21ICE" name="Test.TestAPI" tests="2" failures="0" timestamp="2021-06-24T13:51:25 IST" time="4.174" errors="0">
  <testcase name="getalluser" time="2.590" classname="Test.TestAPI"/>
  <system-out/>
  <testcase name="deleteuser" time="1.584" classname="Test.TestAPI"/>
  <system-out/>
</testsuite> <!-- Test.TestAPI -->
